<?xml version="1.0" encoding="UTF-8"?>
<testng-results skipped="0" failed="0" ignored="0" total="1" passed="1">
  <reporter-output>
  </reporter-output>
  <suite name="Default suite" duration-ms="5911" started-at="2022-06-10T02:09:30Z" finished-at="2022-06-10T02:09:36Z">
    <groups>
    </groups>
    <test name="Default test" duration-ms="5911" started-at="2022-06-10T02:09:30Z" finished-at="2022-06-10T02:09:36Z">
      <class name="screencapture.OrangeHRM">
        <test-method status="PASS" signature="setup()[pri:0, instance:screencapture.OrangeHRM@1ed1993a]" name="setup" is-config="true" duration-ms="3657" started-at="2022-06-10T02:09:30Z" finished-at="2022-06-10T02:09:33Z">
          <reporter-output>
          </reporter-output>
        </test-method> <!-- setup -->
        <test-method status="PASS" signature="doLogin()[pri:0, instance:screencapture.OrangeHRM@1ed1993a]" name="doLogin" duration-ms="2125" started-at="2022-06-10T02:09:33Z" finished-at="2022-06-10T02:09:35Z">
          <reporter-output>
          </reporter-output>
        </test-method> <!-- doLogin -->
        <test-method status="PASS" signature="tearDown()[pri:0, instance:screencapture.OrangeHRM@1ed1993a]" name="tearDown" is-config="true" duration-ms="104" started-at="2022-06-10T02:09:36Z" finished-at="2022-06-10T02:09:36Z">
          <reporter-output>
          </reporter-output>
        </test-method> <!-- tearDown -->
      </class> <!-- screencapture.OrangeHRM -->
    </test> <!-- Default test -->
  </suite> <!-- Default suite -->
</testng-results>
